5024.382	SEQUENCE.INTRO	LOADING RESOURCE SURFACE FROM DISK
5083.922	SEQUENCE.INTRO	LOADING RESOURCE SURFACE FROM DISK
66352.691	SEQUENCE.DISPLAY_SCREEN	LOADING RESOURCE SURFACE FROM DISK
140171.797	SEQUENCE.LEARNING.DISPLAY_SCREEN	LOADING RESOURCE SURFACE FROM DISK
146249.306	SEQUENCE.LEARNING.DISPLAY_SCREEN	LOADING RESOURCE SURFACE FROM DISK
172762.855	SEQUENCE.LEARNING.DISPLAY_SCREEN	LOADING RESOURCE SURFACE FROM DISK
178534.218	SEQUENCE.LEARNING.DISPLAY_SCREEN	LOADING RESOURCE SURFACE FROM DISK
305628.41	SEQUENCE.TESTING.DISPLAY_SCREEN	LOADING RESOURCE SURFACE FROM DISK
305638.867	SEQUENCE.TESTING.DISPLAY_SCREEN	LOADING RESOURCE SURFACE FROM DISK
305649.817	SEQUENCE.TESTING.DISPLAY_SCREEN	LOADING RESOURCE SURFACE FROM DISK
305661.584	SEQUENCE.TESTING.DISPLAY_SCREEN	LOADING RESOURCE SURFACE FROM DISK
305667.045	SEQUENCE.TESTING.DISPLAY_SCREEN	LOADING RESOURCE SURFACE FROM DISK
305673.086	SEQUENCE.TESTING.DISPLAY_SCREEN	LOADING RESOURCE SURFACE FROM DISK
321032.268	SEQUENCE.TESTING.DISPLAY_SCREEN	LOADING RESOURCE SURFACE FROM DISK
338980.654	SEQUENCE.TESTING.DISPLAY_SCREEN	LOADING RESOURCE SURFACE FROM DISK
417639.076	SEQUENCE.FORCED_CHOICE.DISPLAY_SCREEN	LOADING RESOURCE SURFACE FROM DISK
424110.214	SEQUENCE.FORCED_CHOICE.DISPLAY_SCREEN	LOADING RESOURCE SURFACE FROM DISK
424131.715	SEQUENCE.FORCED_CHOICE.DISPLAY_SCREEN	LOADING RESOURCE SURFACE FROM DISK
428174.091	SEQUENCE.FORCED_CHOICE.DISPLAY_SCREEN	LOADING RESOURCE SURFACE FROM DISK
434796.797	SEQUENCE.FORCED_CHOICE.DISPLAY_SCREEN	LOADING RESOURCE SURFACE FROM DISK
460075.719	SEQUENCE.FORCED_CHOICE.DISPLAY_SCREEN	LOADING RESOURCE SURFACE FROM DISK
597924.137	SEQUENCE.LEARNING.DISPLAY_SCREEN	LOADING RESOURCE SURFACE FROM DISK
603308.019	SEQUENCE.LEARNING.DISPLAY_SCREEN	LOADING RESOURCE SURFACE FROM DISK
641537.771	SEQUENCE.LEARNING.DISPLAY_SCREEN	LOADING RESOURCE SURFACE FROM DISK
672932.236	SEQUENCE.LEARNING.DISPLAY_SCREEN	LOADING RESOURCE SURFACE FROM DISK
736714.009	SEQUENCE.TESTING.DISPLAY_SCREEN	LOADING RESOURCE SURFACE FROM DISK
736725.625	SEQUENCE.TESTING.DISPLAY_SCREEN	LOADING RESOURCE SURFACE FROM DISK
736736.552	SEQUENCE.TESTING.DISPLAY_SCREEN	LOADING RESOURCE SURFACE FROM DISK
736747.402	SEQUENCE.TESTING.DISPLAY_SCREEN	LOADING RESOURCE SURFACE FROM DISK
736750.716	SEQUENCE.TESTING.DISPLAY_SCREEN	LOADING RESOURCE SURFACE FROM DISK
736753.921	SEQUENCE.TESTING.DISPLAY_SCREEN	LOADING RESOURCE SURFACE FROM DISK
745543.695	SEQUENCE.TESTING.DISPLAY_SCREEN	LOADING RESOURCE SURFACE FROM DISK
755859.45	SEQUENCE.TESTING.DISPLAY_SCREEN	LOADING RESOURCE SURFACE FROM DISK
802217.623	SEQUENCE.FORCED_CHOICE.DISPLAY_SCREEN	LOADING RESOURCE SURFACE FROM DISK
802240.746	SEQUENCE.FORCED_CHOICE.DISPLAY_SCREEN	LOADING RESOURCE SURFACE FROM DISK
807409.924	SEQUENCE.FORCED_CHOICE.DISPLAY_SCREEN	LOADING RESOURCE SURFACE FROM DISK
807435.651	SEQUENCE.FORCED_CHOICE.DISPLAY_SCREEN	LOADING RESOURCE SURFACE FROM DISK
810444.323	SEQUENCE.FORCED_CHOICE.DISPLAY_SCREEN	LOADING RESOURCE SURFACE FROM DISK
816277.699	SEQUENCE.FORCED_CHOICE.DISPLAY_SCREEN	LOADING RESOURCE SURFACE FROM DISK
920028.837	SEQUENCE.LEARNING.DISPLAY_SCREEN	LOADING RESOURCE SURFACE FROM DISK
927964.179	SEQUENCE.LEARNING.DISPLAY_SCREEN	LOADING RESOURCE SURFACE FROM DISK
932528.863	SEQUENCE.LEARNING.DISPLAY_SCREEN	LOADING RESOURCE SURFACE FROM DISK
942542.92	SEQUENCE.LEARNING.DISPLAY_SCREEN	LOADING RESOURCE SURFACE FROM DISK
1037999.917	SEQUENCE.TESTING.DISPLAY_SCREEN	LOADING RESOURCE SURFACE FROM DISK
1038009.421	SEQUENCE.TESTING.DISPLAY_SCREEN	LOADING RESOURCE SURFACE FROM DISK
1038019.978	SEQUENCE.TESTING.DISPLAY_SCREEN	LOADING RESOURCE SURFACE FROM DISK
1038031.411	SEQUENCE.TESTING.DISPLAY_SCREEN	LOADING RESOURCE SURFACE FROM DISK
1038034.541	SEQUENCE.TESTING.DISPLAY_SCREEN	LOADING RESOURCE SURFACE FROM DISK
1048583.87	SEQUENCE.TESTING.DISPLAY_SCREEN	LOADING RESOURCE SURFACE FROM DISK
1053116.694	SEQUENCE.TESTING.DISPLAY_SCREEN	LOADING RESOURCE SURFACE FROM DISK
1059532.85	SEQUENCE.TESTING.DISPLAY_SCREEN	LOADING RESOURCE SURFACE FROM DISK
1078633.122	SEQUENCE.FORCED_CHOICE.DISPLAY_SCREEN	LOADING RESOURCE SURFACE FROM DISK
1078654.496	SEQUENCE.FORCED_CHOICE.DISPLAY_SCREEN	LOADING RESOURCE SURFACE FROM DISK
1082551.799	SEQUENCE.FORCED_CHOICE.DISPLAY_SCREEN	LOADING RESOURCE SURFACE FROM DISK
1090317.685	SEQUENCE.FORCED_CHOICE.DISPLAY_SCREEN	LOADING RESOURCE SURFACE FROM DISK
1100135.399	SEQUENCE.FORCED_CHOICE.DISPLAY_SCREEN	LOADING RESOURCE SURFACE FROM DISK
1116852.697	SEQUENCE.FORCED_CHOICE.DISPLAY_SCREEN	LOADING RESOURCE SURFACE FROM DISK
1189896.871	SEQUENCE.LEARNING.DISPLAY_SCREEN	LOADING RESOURCE SURFACE FROM DISK
1192987.874	SEQUENCE.LEARNING.DISPLAY_SCREEN	LOADING RESOURCE SURFACE FROM DISK
1201521.243	SEQUENCE.LEARNING.DISPLAY_SCREEN	LOADING RESOURCE SURFACE FROM DISK
1222586.829	SEQUENCE.LEARNING.DISPLAY_SCREEN	LOADING RESOURCE SURFACE FROM DISK
1304280.721	SEQUENCE.TESTING.DISPLAY_SCREEN	LOADING RESOURCE SURFACE FROM DISK
1304290.492	SEQUENCE.TESTING.DISPLAY_SCREEN	LOADING RESOURCE SURFACE FROM DISK
1304302.487	SEQUENCE.TESTING.DISPLAY_SCREEN	LOADING RESOURCE SURFACE FROM DISK
1304312.222	SEQUENCE.TESTING.DISPLAY_SCREEN	LOADING RESOURCE SURFACE FROM DISK
1304315.425	SEQUENCE.TESTING.DISPLAY_SCREEN	LOADING RESOURCE SURFACE FROM DISK
1309994.19	SEQUENCE.TESTING.DISPLAY_SCREEN	LOADING RESOURCE SURFACE FROM DISK
1316260.531	SEQUENCE.TESTING.DISPLAY_SCREEN	LOADING RESOURCE SURFACE FROM DISK
1319426.838	SEQUENCE.TESTING.DISPLAY_SCREEN	LOADING RESOURCE SURFACE FROM DISK
1343373.342	SEQUENCE.FORCED_CHOICE.DISPLAY_SCREEN	LOADING RESOURCE SURFACE FROM DISK
1343397.245	SEQUENCE.FORCED_CHOICE.DISPLAY_SCREEN	LOADING RESOURCE SURFACE FROM DISK
1350749.896	SEQUENCE.FORCED_CHOICE.DISPLAY_SCREEN	LOADING RESOURCE SURFACE FROM DISK
1354234.088	SEQUENCE.FORCED_CHOICE.DISPLAY_SCREEN	LOADING RESOURCE SURFACE FROM DISK
1356829.179	SEQUENCE.FORCED_CHOICE.DISPLAY_SCREEN	LOADING RESOURCE SURFACE FROM DISK
1365661.196	SEQUENCE.FORCED_CHOICE.DISPLAY_SCREEN	LOADING RESOURCE SURFACE FROM DISK
1440518.373	SEQUENCE.LEARNING.DISPLAY_SCREEN	LOADING RESOURCE SURFACE FROM DISK
1447899.329	SEQUENCE.LEARNING.DISPLAY_SCREEN	LOADING RESOURCE SURFACE FROM DISK
1449900.68	SEQUENCE.LEARNING.DISPLAY_SCREEN	LOADING RESOURCE SURFACE FROM DISK
1465349.669	SEQUENCE.LEARNING.DISPLAY_SCREEN	LOADING RESOURCE SURFACE FROM DISK
1543274.095	SEQUENCE.TESTING.DISPLAY_SCREEN	LOADING RESOURCE SURFACE FROM DISK
1543284.837	SEQUENCE.TESTING.DISPLAY_SCREEN	LOADING RESOURCE SURFACE FROM DISK
1543296.536	SEQUENCE.TESTING.DISPLAY_SCREEN	LOADING RESOURCE SURFACE FROM DISK
1543308.252	SEQUENCE.TESTING.DISPLAY_SCREEN	LOADING RESOURCE SURFACE FROM DISK
1551094.282	SEQUENCE.TESTING.DISPLAY_SCREEN	LOADING RESOURCE SURFACE FROM DISK
1554489.831	SEQUENCE.TESTING.DISPLAY_SCREEN	LOADING RESOURCE SURFACE FROM DISK
1562455.93	SEQUENCE.TESTING.DISPLAY_SCREEN	LOADING RESOURCE SURFACE FROM DISK
1578137.536	SEQUENCE.TESTING.DISPLAY_SCREEN	LOADING RESOURCE SURFACE FROM DISK
1604171.317	SEQUENCE.FORCED_CHOICE.DISPLAY_SCREEN	LOADING RESOURCE SURFACE FROM DISK
1604194.596	SEQUENCE.FORCED_CHOICE.DISPLAY_SCREEN	LOADING RESOURCE SURFACE FROM DISK
1608273.976	SEQUENCE.FORCED_CHOICE.DISPLAY_SCREEN	LOADING RESOURCE SURFACE FROM DISK
1610707.341	SEQUENCE.FORCED_CHOICE.DISPLAY_SCREEN	LOADING RESOURCE SURFACE FROM DISK
1618390.849	SEQUENCE.FORCED_CHOICE.DISPLAY_SCREEN	LOADING RESOURCE SURFACE FROM DISK
1624856.483	SEQUENCE.FORCED_CHOICE.DISPLAY_SCREEN	LOADING RESOURCE SURFACE FROM DISK
1696386.829	SEQUENCE.LEARNING.DISPLAY_SCREEN	LOADING RESOURCE SURFACE FROM DISK
1703776.711	SEQUENCE.LEARNING.DISPLAY_SCREEN	LOADING RESOURCE SURFACE FROM DISK
1710843.109	SEQUENCE.LEARNING.DISPLAY_SCREEN	LOADING RESOURCE SURFACE FROM DISK
1736708.316	SEQUENCE.LEARNING.DISPLAY_SCREEN	LOADING RESOURCE SURFACE FROM DISK
1809318.223	SEQUENCE.TESTING.DISPLAY_SCREEN	LOADING RESOURCE SURFACE FROM DISK
1809328.524	SEQUENCE.TESTING.DISPLAY_SCREEN	LOADING RESOURCE SURFACE FROM DISK
1809340.474	SEQUENCE.TESTING.DISPLAY_SCREEN	LOADING RESOURCE SURFACE FROM DISK
1809350.751	SEQUENCE.TESTING.DISPLAY_SCREEN	LOADING RESOURCE SURFACE FROM DISK
1809353.949	SEQUENCE.TESTING.DISPLAY_SCREEN	LOADING RESOURCE SURFACE FROM DISK
1815433.827	SEQUENCE.TESTING.DISPLAY_SCREEN	LOADING RESOURCE SURFACE FROM DISK
1823449.637	SEQUENCE.TESTING.DISPLAY_SCREEN	LOADING RESOURCE SURFACE FROM DISK
1827482.567	SEQUENCE.TESTING.DISPLAY_SCREEN	LOADING RESOURCE SURFACE FROM DISK
1850581.47	SEQUENCE.FORCED_CHOICE.DISPLAY_SCREEN	LOADING RESOURCE SURFACE FROM DISK
1850602.712	SEQUENCE.FORCED_CHOICE.DISPLAY_SCREEN	LOADING RESOURCE SURFACE FROM DISK
1854451.991	SEQUENCE.FORCED_CHOICE.DISPLAY_SCREEN	LOADING RESOURCE SURFACE FROM DISK
1854473.577	SEQUENCE.FORCED_CHOICE.DISPLAY_SCREEN	LOADING RESOURCE SURFACE FROM DISK
1857068.779	SEQUENCE.FORCED_CHOICE.DISPLAY_SCREEN	LOADING RESOURCE SURFACE FROM DISK
1859788.109	SEQUENCE.FORCED_CHOICE.DISPLAY_SCREEN	LOADING RESOURCE SURFACE FROM DISK
