5184.805	SEQUENCE.INTRO	LOADING RESOURCE SURFACE FROM DISK
5313.122	SEQUENCE.INTRO	LOADING RESOURCE SURFACE FROM DISK
52417.033	SEQUENCE.DISPLAY_SCREEN	LOADING RESOURCE SURFACE FROM DISK
100716.32	SEQUENCE.LEARNING.DISPLAY_SCREEN	LOADING RESOURCE SURFACE FROM DISK
137178.294	SEQUENCE.LEARNING.DISPLAY_SCREEN	LOADING RESOURCE SURFACE FROM DISK
169527.519	SEQUENCE.LEARNING.DISPLAY_SCREEN	LOADING RESOURCE SURFACE FROM DISK
174403.38	SEQUENCE.LEARNING.DISPLAY_SCREEN	LOADING RESOURCE SURFACE FROM DISK
286371.886	SEQUENCE.TESTING.DISPLAY_SCREEN	LOADING RESOURCE SURFACE FROM DISK
286379.327	SEQUENCE.TESTING.DISPLAY_SCREEN	LOADING RESOURCE SURFACE FROM DISK
286387.782	SEQUENCE.TESTING.DISPLAY_SCREEN	LOADING RESOURCE SURFACE FROM DISK
286396.748	SEQUENCE.TESTING.DISPLAY_SCREEN	LOADING RESOURCE SURFACE FROM DISK
286399.82	SEQUENCE.TESTING.DISPLAY_SCREEN	LOADING RESOURCE SURFACE FROM DISK
286403.005	SEQUENCE.TESTING.DISPLAY_SCREEN	LOADING RESOURCE SURFACE FROM DISK
334610.766	SEQUENCE.TESTING.DISPLAY_SCREEN	LOADING RESOURCE SURFACE FROM DISK
334614.019	SEQUENCE.TESTING.DISPLAY_SCREEN	LOADING RESOURCE SURFACE FROM DISK
433340.909	SEQUENCE.FORCED_CHOICE.DISPLAY_SCREEN	LOADING RESOURCE SURFACE FROM DISK
433363.878	SEQUENCE.FORCED_CHOICE.DISPLAY_SCREEN	LOADING RESOURCE SURFACE FROM DISK
448532.704	SEQUENCE.FORCED_CHOICE.DISPLAY_SCREEN	LOADING RESOURCE SURFACE FROM DISK
448553.207	SEQUENCE.FORCED_CHOICE.DISPLAY_SCREEN	LOADING RESOURCE SURFACE FROM DISK
477115.494	SEQUENCE.FORCED_CHOICE.DISPLAY_SCREEN	LOADING RESOURCE SURFACE FROM DISK
479838.055	SEQUENCE.FORCED_CHOICE.DISPLAY_SCREEN	LOADING RESOURCE SURFACE FROM DISK
637260.981	SEQUENCE.LEARNING.DISPLAY_SCREEN	LOADING RESOURCE SURFACE FROM DISK
642563.427	SEQUENCE.LEARNING.DISPLAY_SCREEN	LOADING RESOURCE SURFACE FROM DISK
661193.962	SEQUENCE.LEARNING.DISPLAY_SCREEN	LOADING RESOURCE SURFACE FROM DISK
685892.387	SEQUENCE.LEARNING.DISPLAY_SCREEN	LOADING RESOURCE SURFACE FROM DISK
775145.0	SEQUENCE.TESTING.DISPLAY_SCREEN	LOADING RESOURCE SURFACE FROM DISK
775152.886	SEQUENCE.TESTING.DISPLAY_SCREEN	LOADING RESOURCE SURFACE FROM DISK
775161.178	SEQUENCE.TESTING.DISPLAY_SCREEN	LOADING RESOURCE SURFACE FROM DISK
775169.612	SEQUENCE.TESTING.DISPLAY_SCREEN	LOADING RESOURCE SURFACE FROM DISK
775172.734	SEQUENCE.TESTING.DISPLAY_SCREEN	LOADING RESOURCE SURFACE FROM DISK
796134.776	SEQUENCE.TESTING.DISPLAY_SCREEN	LOADING RESOURCE SURFACE FROM DISK
796137.928	SEQUENCE.TESTING.DISPLAY_SCREEN	LOADING RESOURCE SURFACE FROM DISK
814949.713	SEQUENCE.TESTING.DISPLAY_SCREEN	LOADING RESOURCE SURFACE FROM DISK
867425.161	SEQUENCE.FORCED_CHOICE.DISPLAY_SCREEN	LOADING RESOURCE SURFACE FROM DISK
867447.6	SEQUENCE.FORCED_CHOICE.DISPLAY_SCREEN	LOADING RESOURCE SURFACE FROM DISK
873993.929	SEQUENCE.FORCED_CHOICE.DISPLAY_SCREEN	LOADING RESOURCE SURFACE FROM DISK
876293.798	SEQUENCE.FORCED_CHOICE.DISPLAY_SCREEN	LOADING RESOURCE SURFACE FROM DISK
878745.914	SEQUENCE.FORCED_CHOICE.DISPLAY_SCREEN	LOADING RESOURCE SURFACE FROM DISK
889810.701	SEQUENCE.FORCED_CHOICE.DISPLAY_SCREEN	LOADING RESOURCE SURFACE FROM DISK
983307.853	SEQUENCE.LEARNING.DISPLAY_SCREEN	LOADING RESOURCE SURFACE FROM DISK
992629.13	SEQUENCE.LEARNING.DISPLAY_SCREEN	LOADING RESOURCE SURFACE FROM DISK
1010643.841	SEQUENCE.LEARNING.DISPLAY_SCREEN	LOADING RESOURCE SURFACE FROM DISK
1023126.047	SEQUENCE.LEARNING.DISPLAY_SCREEN	LOADING RESOURCE SURFACE FROM DISK
1080018.896	SEQUENCE.TESTING.DISPLAY_SCREEN	LOADING RESOURCE SURFACE FROM DISK
1080027.455	SEQUENCE.TESTING.DISPLAY_SCREEN	LOADING RESOURCE SURFACE FROM DISK
1080035.975	SEQUENCE.TESTING.DISPLAY_SCREEN	LOADING RESOURCE SURFACE FROM DISK
1080043.544	SEQUENCE.TESTING.DISPLAY_SCREEN	LOADING RESOURCE SURFACE FROM DISK
1080046.587	SEQUENCE.TESTING.DISPLAY_SCREEN	LOADING RESOURCE SURFACE FROM DISK
1080049.814	SEQUENCE.TESTING.DISPLAY_SCREEN	LOADING RESOURCE SURFACE FROM DISK
1087607.993	SEQUENCE.TESTING.DISPLAY_SCREEN	LOADING RESOURCE SURFACE FROM DISK
1093924.656	SEQUENCE.TESTING.DISPLAY_SCREEN	LOADING RESOURCE SURFACE FROM DISK
1138530.633	SEQUENCE.FORCED_CHOICE.DISPLAY_SCREEN	LOADING RESOURCE SURFACE FROM DISK
1138551.721	SEQUENCE.FORCED_CHOICE.DISPLAY_SCREEN	LOADING RESOURCE SURFACE FROM DISK
1143018.399	SEQUENCE.FORCED_CHOICE.DISPLAY_SCREEN	LOADING RESOURCE SURFACE FROM DISK
1143037.583	SEQUENCE.FORCED_CHOICE.DISPLAY_SCREEN	LOADING RESOURCE SURFACE FROM DISK
1150752.999	SEQUENCE.FORCED_CHOICE.DISPLAY_SCREEN	LOADING RESOURCE SURFACE FROM DISK
1164336.366	SEQUENCE.FORCED_CHOICE.DISPLAY_SCREEN	LOADING RESOURCE SURFACE FROM DISK
1265768.992	SEQUENCE.LEARNING.DISPLAY_SCREEN	LOADING RESOURCE SURFACE FROM DISK
1270222.884	SEQUENCE.LEARNING.DISPLAY_SCREEN	LOADING RESOURCE SURFACE FROM DISK
1275055.239	SEQUENCE.LEARNING.DISPLAY_SCREEN	LOADING RESOURCE SURFACE FROM DISK
1281467.803	SEQUENCE.LEARNING.DISPLAY_SCREEN	LOADING RESOURCE SURFACE FROM DISK
1352847.203	SEQUENCE.TESTING.DISPLAY_SCREEN	LOADING RESOURCE SURFACE FROM DISK
1352854.253	SEQUENCE.TESTING.DISPLAY_SCREEN	LOADING RESOURCE SURFACE FROM DISK
1352863.171	SEQUENCE.TESTING.DISPLAY_SCREEN	LOADING RESOURCE SURFACE FROM DISK
1352870.643	SEQUENCE.TESTING.DISPLAY_SCREEN	LOADING RESOURCE SURFACE FROM DISK
1352873.755	SEQUENCE.TESTING.DISPLAY_SCREEN	LOADING RESOURCE SURFACE FROM DISK
1352876.879	SEQUENCE.TESTING.DISPLAY_SCREEN	LOADING RESOURCE SURFACE FROM DISK
1358266.742	SEQUENCE.TESTING.DISPLAY_SCREEN	LOADING RESOURCE SURFACE FROM DISK
1358269.898	SEQUENCE.TESTING.DISPLAY_SCREEN	LOADING RESOURCE SURFACE FROM DISK
1402595.564	SEQUENCE.FORCED_CHOICE.DISPLAY_SCREEN	LOADING RESOURCE SURFACE FROM DISK
1402615.831	SEQUENCE.FORCED_CHOICE.DISPLAY_SCREEN	LOADING RESOURCE SURFACE FROM DISK
1408329.673	SEQUENCE.FORCED_CHOICE.DISPLAY_SCREEN	LOADING RESOURCE SURFACE FROM DISK
1408351.384	SEQUENCE.FORCED_CHOICE.DISPLAY_SCREEN	LOADING RESOURCE SURFACE FROM DISK
1413458.581	SEQUENCE.FORCED_CHOICE.DISPLAY_SCREEN	LOADING RESOURCE SURFACE FROM DISK
1413478.242	SEQUENCE.FORCED_CHOICE.DISPLAY_SCREEN	LOADING RESOURCE SURFACE FROM DISK
1513841.077	SEQUENCE.LEARNING.DISPLAY_SCREEN	LOADING RESOURCE SURFACE FROM DISK
1515981.146	SEQUENCE.LEARNING.DISPLAY_SCREEN	LOADING RESOURCE SURFACE FROM DISK
1517582.061	SEQUENCE.LEARNING.DISPLAY_SCREEN	LOADING RESOURCE SURFACE FROM DISK
1530614.234	SEQUENCE.LEARNING.DISPLAY_SCREEN	LOADING RESOURCE SURFACE FROM DISK
1592354.889	SEQUENCE.TESTING.DISPLAY_SCREEN	LOADING RESOURCE SURFACE FROM DISK
1592361.956	SEQUENCE.TESTING.DISPLAY_SCREEN	LOADING RESOURCE SURFACE FROM DISK
1592369.672	SEQUENCE.TESTING.DISPLAY_SCREEN	LOADING RESOURCE SURFACE FROM DISK
1592378.376	SEQUENCE.TESTING.DISPLAY_SCREEN	LOADING RESOURCE SURFACE FROM DISK
1592381.604	SEQUENCE.TESTING.DISPLAY_SCREEN	LOADING RESOURCE SURFACE FROM DISK
1605127.023	SEQUENCE.TESTING.DISPLAY_SCREEN	LOADING RESOURCE SURFACE FROM DISK
1605130.214	SEQUENCE.TESTING.DISPLAY_SCREEN	LOADING RESOURCE SURFACE FROM DISK
1618425.824	SEQUENCE.TESTING.DISPLAY_SCREEN	LOADING RESOURCE SURFACE FROM DISK
1649861.255	SEQUENCE.FORCED_CHOICE.DISPLAY_SCREEN	LOADING RESOURCE SURFACE FROM DISK
1649882.559	SEQUENCE.FORCED_CHOICE.DISPLAY_SCREEN	LOADING RESOURCE SURFACE FROM DISK
1655639.956	SEQUENCE.FORCED_CHOICE.DISPLAY_SCREEN	LOADING RESOURCE SURFACE FROM DISK
1657805.783	SEQUENCE.FORCED_CHOICE.DISPLAY_SCREEN	LOADING RESOURCE SURFACE FROM DISK
1661938.587	SEQUENCE.FORCED_CHOICE.DISPLAY_SCREEN	LOADING RESOURCE SURFACE FROM DISK
1663655.294	SEQUENCE.FORCED_CHOICE.DISPLAY_SCREEN	LOADING RESOURCE SURFACE FROM DISK
1775732.057	SEQUENCE.LEARNING.DISPLAY_SCREEN	LOADING RESOURCE SURFACE FROM DISK
1782722.787	SEQUENCE.LEARNING.DISPLAY_SCREEN	LOADING RESOURCE SURFACE FROM DISK
1795303.922	SEQUENCE.LEARNING.DISPLAY_SCREEN	LOADING RESOURCE SURFACE FROM DISK
1801454.869	SEQUENCE.LEARNING.DISPLAY_SCREEN	LOADING RESOURCE SURFACE FROM DISK
1860048.9	SEQUENCE.TESTING.DISPLAY_SCREEN	LOADING RESOURCE SURFACE FROM DISK
1860069.665	SEQUENCE.TESTING.DISPLAY_SCREEN	LOADING RESOURCE SURFACE FROM DISK
1860091.534	SEQUENCE.TESTING.DISPLAY_SCREEN	LOADING RESOURCE SURFACE FROM DISK
1860109.417	SEQUENCE.TESTING.DISPLAY_SCREEN	LOADING RESOURCE SURFACE FROM DISK
1860117.836	SEQUENCE.TESTING.DISPLAY_SCREEN	LOADING RESOURCE SURFACE FROM DISK
1860126.238	SEQUENCE.TESTING.DISPLAY_SCREEN	LOADING RESOURCE SURFACE FROM DISK
1872592.079	SEQUENCE.TESTING.DISPLAY_SCREEN	LOADING RESOURCE SURFACE FROM DISK
1883510.475	SEQUENCE.TESTING.DISPLAY_SCREEN	LOADING RESOURCE SURFACE FROM DISK
1946003.023	SEQUENCE.FORCED_CHOICE.DISPLAY_SCREEN	LOADING RESOURCE SURFACE FROM DISK
1946023.811	SEQUENCE.FORCED_CHOICE.DISPLAY_SCREEN	LOADING RESOURCE SURFACE FROM DISK
1954376.078	SEQUENCE.FORCED_CHOICE.DISPLAY_SCREEN	LOADING RESOURCE SURFACE FROM DISK
1954395.587	SEQUENCE.FORCED_CHOICE.DISPLAY_SCREEN	LOADING RESOURCE SURFACE FROM DISK
1959478.393	SEQUENCE.FORCED_CHOICE.DISPLAY_SCREEN	LOADING RESOURCE SURFACE FROM DISK
1970578.048	SEQUENCE.FORCED_CHOICE.DISPLAY_SCREEN	LOADING RESOURCE SURFACE FROM DISK
