4996.926	SEQUENCE.INTRO	LOADING RESOURCE SURFACE FROM DISK
5063.253	SEQUENCE.INTRO	LOADING RESOURCE SURFACE FROM DISK
8370.002	SEQUENCE.DISPLAY_SCREEN	LOADING RESOURCE SURFACE FROM DISK
17249.096	SEQUENCE.LEARNING.DISPLAY_SCREEN	LOADING RESOURCE SURFACE FROM DISK
20331.484	SEQUENCE.LEARNING.DISPLAY_SCREEN	LOADING RESOURCE SURFACE FROM DISK
30247.446	SEQUENCE.LEARNING.DISPLAY_SCREEN	LOADING RESOURCE SURFACE FROM DISK
33958.378	SEQUENCE.LEARNING.DISPLAY_PROGRESO[6]	flip time is later than desired time. Desired Time=33943 Flip Time=33960 Retrace Rate=16.644, prepareTime=38 flip request time 33958
45595.552	SEQUENCE.LEARNING.DISPLAY_SCREEN	LOADING RESOURCE SURFACE FROM DISK
134156.687	SEQUENCE.TESTING.DISPLAY_SCREEN	LOADING RESOURCE SURFACE FROM DISK
134165.725	SEQUENCE.TESTING.DISPLAY_SCREEN	LOADING RESOURCE SURFACE FROM DISK
134174.997	SEQUENCE.TESTING.DISPLAY_SCREEN	LOADING RESOURCE SURFACE FROM DISK
134184.282	SEQUENCE.TESTING.DISPLAY_SCREEN	LOADING RESOURCE SURFACE FROM DISK
134188.182	SEQUENCE.TESTING.DISPLAY_SCREEN	LOADING RESOURCE SURFACE FROM DISK
134191.71	SEQUENCE.TESTING.DISPLAY_SCREEN	LOADING RESOURCE SURFACE FROM DISK
145071.386	SEQUENCE.TESTING.DISPLAY_SCREEN	LOADING RESOURCE SURFACE FROM DISK
159220.011	SEQUENCE.TESTING.DISPLAY_SCREEN	LOADING RESOURCE SURFACE FROM DISK
223567.418	SEQUENCE.FORCED_CHOICE.DISPLAY_SCREEN	LOADING RESOURCE SURFACE FROM DISK
223590.726	SEQUENCE.FORCED_CHOICE.DISPLAY_SCREEN	LOADING RESOURCE SURFACE FROM DISK
235047.341	SEQUENCE.FORCED_CHOICE.DISPLAY_SCREEN	LOADING RESOURCE SURFACE FROM DISK
237451.93	SEQUENCE.FORCED_CHOICE.DISPLAY_SCREEN	LOADING RESOURCE SURFACE FROM DISK
244864.442	SEQUENCE.FORCED_CHOICE.DISPLAY_SCREEN	LOADING RESOURCE SURFACE FROM DISK
257017.898	SEQUENCE.FORCED_CHOICE.DISPLAY_SCREEN	LOADING RESOURCE SURFACE FROM DISK
364724.883	SEQUENCE.LEARNING.DISPLAY_SCREEN	LOADING RESOURCE SURFACE FROM DISK
378935.264	SEQUENCE.LEARNING.DISPLAY_SCREEN	LOADING RESOURCE SURFACE FROM DISK
380732.932	SEQUENCE.LEARNING.DISPLAY_SCREEN	LOADING RESOURCE SURFACE FROM DISK
389951.123	SEQUENCE.LEARNING.DISPLAY_SCREEN	LOADING RESOURCE SURFACE FROM DISK
458340.634	SEQUENCE.TESTING.DISPLAY_SCREEN	LOADING RESOURCE SURFACE FROM DISK
458350.441	SEQUENCE.TESTING.DISPLAY_SCREEN	LOADING RESOURCE SURFACE FROM DISK
458359.546	SEQUENCE.TESTING.DISPLAY_SCREEN	LOADING RESOURCE SURFACE FROM DISK
458368.481	SEQUENCE.TESTING.DISPLAY_SCREEN	LOADING RESOURCE SURFACE FROM DISK
458371.779	SEQUENCE.TESTING.DISPLAY_SCREEN	LOADING RESOURCE SURFACE FROM DISK
468658.058	SEQUENCE.TESTING.DISPLAY_SCREEN	LOADING RESOURCE SURFACE FROM DISK
477873.82	SEQUENCE.TESTING.DISPLAY_SCREEN	LOADING RESOURCE SURFACE FROM DISK
503610.894	SEQUENCE.FORCED_CHOICE.DISPLAY_SCREEN	LOADING RESOURCE SURFACE FROM DISK
503635.56	SEQUENCE.FORCED_CHOICE.DISPLAY_SCREEN	LOADING RESOURCE SURFACE FROM DISK
506506.267	SEQUENCE.FORCED_CHOICE.DISPLAY_SCREEN	LOADING RESOURCE SURFACE FROM DISK
511024.298	SEQUENCE.FORCED_CHOICE.DISPLAY_SCREEN	LOADING RESOURCE SURFACE FROM DISK
511046.623	SEQUENCE.FORCED_CHOICE.DISPLAY_SCREEN	LOADING RESOURCE SURFACE FROM DISK
514591.867	SEQUENCE.FORCED_CHOICE.DISPLAY_SCREEN	LOADING RESOURCE SURFACE FROM DISK
587895.72	SEQUENCE.LEARNING.DISPLAY_SCREEN	LOADING RESOURCE SURFACE FROM DISK
594583.012	SEQUENCE.LEARNING.DISPLAY_SCREEN	LOADING RESOURCE SURFACE FROM DISK
596377.224	SEQUENCE.LEARNING.DISPLAY_SCREEN	LOADING RESOURCE SURFACE FROM DISK
612548.315	SEQUENCE.LEARNING.DISPLAY_SCREEN	LOADING RESOURCE SURFACE FROM DISK
681433.004	SEQUENCE.TESTING.DISPLAY_SCREEN	LOADING RESOURCE SURFACE FROM DISK
681442.168	SEQUENCE.TESTING.DISPLAY_SCREEN	LOADING RESOURCE SURFACE FROM DISK
681451.324	SEQUENCE.TESTING.DISPLAY_SCREEN	LOADING RESOURCE SURFACE FROM DISK
681460.119	SEQUENCE.TESTING.DISPLAY_SCREEN	LOADING RESOURCE SURFACE FROM DISK
681463.388	SEQUENCE.TESTING.DISPLAY_SCREEN	LOADING RESOURCE SURFACE FROM DISK
681466.689	SEQUENCE.TESTING.DISPLAY_SCREEN	LOADING RESOURCE SURFACE FROM DISK
685121.726	SEQUENCE.TESTING.DISPLAY_SCREEN	LOADING RESOURCE SURFACE FROM DISK
695470.629	SEQUENCE.TESTING.DISPLAY_SCREEN	LOADING RESOURCE SURFACE FROM DISK
713292.151	SEQUENCE.FORCED_CHOICE.DISPLAY_SCREEN	LOADING RESOURCE SURFACE FROM DISK
713312.097	SEQUENCE.FORCED_CHOICE.DISPLAY_SCREEN	LOADING RESOURCE SURFACE FROM DISK
715938.37	SEQUENCE.FORCED_CHOICE.DISPLAY_SCREEN	LOADING RESOURCE SURFACE FROM DISK
715961.681	SEQUENCE.FORCED_CHOICE.DISPLAY_SCREEN	LOADING RESOURCE SURFACE FROM DISK
721788.824	SEQUENCE.FORCED_CHOICE.DISPLAY_SCREEN	LOADING RESOURCE SURFACE FROM DISK
730306.421	SEQUENCE.FORCED_CHOICE.DISPLAY_SCREEN	LOADING RESOURCE SURFACE FROM DISK
785159.718	SEQUENCE.LEARNING.DISPLAY_SCREEN	LOADING RESOURCE SURFACE FROM DISK
799409.247	SEQUENCE.LEARNING.DISPLAY_SCREEN	LOADING RESOURCE SURFACE FROM DISK
803195.684	SEQUENCE.LEARNING.DISPLAY_SCREEN	LOADING RESOURCE SURFACE FROM DISK
814404.101	SEQUENCE.LEARNING.DISPLAY_SCREEN	LOADING RESOURCE SURFACE FROM DISK
874866.483	SEQUENCE.TESTING.DISPLAY_SCREEN	LOADING RESOURCE SURFACE FROM DISK
874874.083	SEQUENCE.TESTING.DISPLAY_SCREEN	LOADING RESOURCE SURFACE FROM DISK
874883.892	SEQUENCE.TESTING.DISPLAY_SCREEN	LOADING RESOURCE SURFACE FROM DISK
874892.531	SEQUENCE.TESTING.DISPLAY_SCREEN	LOADING RESOURCE SURFACE FROM DISK
874895.629	SEQUENCE.TESTING.DISPLAY_SCREEN	LOADING RESOURCE SURFACE FROM DISK
878253.893	SEQUENCE.TESTING.DISPLAY_SCREEN	LOADING RESOURCE SURFACE FROM DISK
883353.217	SEQUENCE.TESTING.DISPLAY_SCREEN	LOADING RESOURCE SURFACE FROM DISK
886186.315	SEQUENCE.TESTING.DISPLAY_SCREEN	LOADING RESOURCE SURFACE FROM DISK
905863.986	SEQUENCE.FORCED_CHOICE.DISPLAY_SCREEN	LOADING RESOURCE SURFACE FROM DISK
905885.31	SEQUENCE.FORCED_CHOICE.DISPLAY_SCREEN	LOADING RESOURCE SURFACE FROM DISK
908822.213	SEQUENCE.FORCED_CHOICE.DISPLAY_SCREEN	LOADING RESOURCE SURFACE FROM DISK
908840.363	SEQUENCE.FORCED_CHOICE.DISPLAY_SCREEN	LOADING RESOURCE SURFACE FROM DISK
910908.995	SEQUENCE.FORCED_CHOICE.DISPLAY_SCREEN	LOADING RESOURCE SURFACE FROM DISK
919790.046	SEQUENCE.FORCED_CHOICE.DISPLAY_SCREEN	LOADING RESOURCE SURFACE FROM DISK
980306.574	SEQUENCE.LEARNING.DISPLAY_SCREEN	LOADING RESOURCE SURFACE FROM DISK
982309.228	SEQUENCE.LEARNING.DISPLAY_SCREEN	LOADING RESOURCE SURFACE FROM DISK
988460.526	SEQUENCE.LEARNING.DISPLAY_SCREEN	LOADING RESOURCE SURFACE FROM DISK
1008742.613	SEQUENCE.LEARNING.DISPLAY_SCREEN	LOADING RESOURCE SURFACE FROM DISK
1063514.65	SEQUENCE.TESTING.DISPLAY_SCREEN	LOADING RESOURCE SURFACE FROM DISK
1063524.725	SEQUENCE.TESTING.DISPLAY_SCREEN	LOADING RESOURCE SURFACE FROM DISK
1063533.234	SEQUENCE.TESTING.DISPLAY_SCREEN	LOADING RESOURCE SURFACE FROM DISK
1063541.527	SEQUENCE.TESTING.DISPLAY_SCREEN	LOADING RESOURCE SURFACE FROM DISK
1063544.716	SEQUENCE.TESTING.DISPLAY_SCREEN	LOADING RESOURCE SURFACE FROM DISK
1067586.434	SEQUENCE.TESTING.DISPLAY_SCREEN	LOADING RESOURCE SURFACE FROM DISK
1070386.147	SEQUENCE.TESTING.DISPLAY_SCREEN	LOADING RESOURCE SURFACE FROM DISK
1077668.765	SEQUENCE.TESTING.DISPLAY_SCREEN	LOADING RESOURCE SURFACE FROM DISK
1092315.939	SEQUENCE.FORCED_CHOICE.DISPLAY_SCREEN	LOADING RESOURCE SURFACE FROM DISK
1092338.374	SEQUENCE.FORCED_CHOICE.DISPLAY_SCREEN	LOADING RESOURCE SURFACE FROM DISK
1095341.65	SEQUENCE.FORCED_CHOICE.DISPLAY_SCREEN	LOADING RESOURCE SURFACE FROM DISK
1096954.098	SEQUENCE.FORCED_CHOICE.DISPLAY_SCREEN	LOADING RESOURCE SURFACE FROM DISK
1098837.877	SEQUENCE.FORCED_CHOICE.DISPLAY_SCREEN	LOADING RESOURCE SURFACE FROM DISK
1098859.961	SEQUENCE.FORCED_CHOICE.DISPLAY_SCREEN	LOADING RESOURCE SURFACE FROM DISK
1172167.584	SEQUENCE.LEARNING.DISPLAY_SCREEN	LOADING RESOURCE SURFACE FROM DISK
1184657.884	SEQUENCE.LEARNING.DISPLAY_SCREEN	LOADING RESOURCE SURFACE FROM DISK
1191042.246	SEQUENCE.LEARNING.DISPLAY_SCREEN	LOADING RESOURCE SURFACE FROM DISK
1194025.452	SEQUENCE.LEARNING.DISPLAY_SCREEN	LOADING RESOURCE SURFACE FROM DISK
1256916.831	SEQUENCE.TESTING.DISPLAY_SCREEN	LOADING RESOURCE SURFACE FROM DISK
1256925.487	SEQUENCE.TESTING.DISPLAY_SCREEN	LOADING RESOURCE SURFACE FROM DISK
1256934.125	SEQUENCE.TESTING.DISPLAY_SCREEN	LOADING RESOURCE SURFACE FROM DISK
1256942.154	SEQUENCE.TESTING.DISPLAY_SCREEN	LOADING RESOURCE SURFACE FROM DISK
1256945.265	SEQUENCE.TESTING.DISPLAY_SCREEN	LOADING RESOURCE SURFACE FROM DISK
1256948.392	SEQUENCE.TESTING.DISPLAY_SCREEN	LOADING RESOURCE SURFACE FROM DISK
1261551.599	SEQUENCE.TESTING.DISPLAY_SCREEN	LOADING RESOURCE SURFACE FROM DISK
1265584.647	SEQUENCE.TESTING.DISPLAY_SCREEN	LOADING RESOURCE SURFACE FROM DISK
1292696.936	SEQUENCE.FORCED_CHOICE.DISPLAY_SCREEN	LOADING RESOURCE SURFACE FROM DISK
1292720.642	SEQUENCE.FORCED_CHOICE.DISPLAY_SCREEN	LOADING RESOURCE SURFACE FROM DISK
1297499.617	SEQUENCE.FORCED_CHOICE.DISPLAY_SCREEN	LOADING RESOURCE SURFACE FROM DISK
1297520.035	SEQUENCE.FORCED_CHOICE.DISPLAY_SCREEN	LOADING RESOURCE SURFACE FROM DISK
1299618.304	SEQUENCE.FORCED_CHOICE.DISPLAY_SCREEN	LOADING RESOURCE SURFACE FROM DISK
1303385.374	SEQUENCE.FORCED_CHOICE.DISPLAY_SCREEN	LOADING RESOURCE SURFACE FROM DISK
