5468.515	SEQUENCE.INTRO	LOADING RESOURCE SURFACE FROM DISK
5647.094	SEQUENCE.INTRO	LOADING RESOURCE SURFACE FROM DISK
18506.794	SEQUENCE.DISPLAY_SCREEN	LOADING RESOURCE SURFACE FROM DISK
39751.853	SEQUENCE.LEARNING.DISPLAY_SCREEN	LOADING RESOURCE SURFACE FROM DISK
50575.381	SEQUENCE.LEARNING.DISPLAY_SCREEN	LOADING RESOURCE SURFACE FROM DISK
71755.659	SEQUENCE.LEARNING.DISPLAY_SCREEN	LOADING RESOURCE SURFACE FROM DISK
187335.735	SEQUENCE.TESTING.DISPLAY_SCREEN	LOADING RESOURCE SURFACE FROM DISK
187357.193	SEQUENCE.TESTING.DISPLAY_SCREEN	LOADING RESOURCE SURFACE FROM DISK
187380.268	SEQUENCE.TESTING.DISPLAY_SCREEN	LOADING RESOURCE SURFACE FROM DISK
187388.947	SEQUENCE.TESTING.DISPLAY_SCREEN	LOADING RESOURCE SURFACE FROM DISK
187399.022	SEQUENCE.TESTING.DISPLAY_SCREEN	LOADING RESOURCE SURFACE FROM DISK
192906.933	SEQUENCE.TESTING.DISPLAY_SCREEN	LOADING RESOURCE SURFACE FROM DISK
192913.748	SEQUENCE.TESTING.DISPLAY_SCREEN	LOADING RESOURCE SURFACE FROM DISK
198025.032	SEQUENCE.TESTING.DISPLAY_SCREEN	LOADING RESOURCE SURFACE FROM DISK
248624.28	SEQUENCE.FORCED_CHOICE.DISPLAY_SCREEN	LOADING RESOURCE SURFACE FROM DISK
248647.657	SEQUENCE.FORCED_CHOICE.DISPLAY_SCREEN	LOADING RESOURCE SURFACE FROM DISK
252286.619	SEQUENCE.FORCED_CHOICE.DISPLAY_SCREEN	LOADING RESOURCE SURFACE FROM DISK
254972.173	SEQUENCE.FORCED_CHOICE.DISPLAY_SCREEN	LOADING RESOURCE SURFACE FROM DISK
258954.218	SEQUENCE.FORCED_CHOICE.DISPLAY_SCREEN	LOADING RESOURCE SURFACE FROM DISK
261387.445	SEQUENCE.FORCED_CHOICE.DISPLAY_SCREEN	LOADING RESOURCE SURFACE FROM DISK
333498.247	SEQUENCE.LEARNING.DISPLAY_SCREEN	LOADING RESOURCE SURFACE FROM DISK
346426.956	SEQUENCE.LEARNING.DISPLAY_SCREEN	LOADING RESOURCE SURFACE FROM DISK
353146.549	SEQUENCE.LEARNING.DISPLAY_SCREEN	LOADING RESOURCE SURFACE FROM DISK
362123.628	SEQUENCE.LEARNING.DISPLAY_SCREEN	LOADING RESOURCE SURFACE FROM DISK
428538.055	SEQUENCE.TESTING.DISPLAY_SCREEN	LOADING RESOURCE SURFACE FROM DISK
428545.733	SEQUENCE.TESTING.DISPLAY_SCREEN	LOADING RESOURCE SURFACE FROM DISK
428554.058	SEQUENCE.TESTING.DISPLAY_SCREEN	LOADING RESOURCE SURFACE FROM DISK
428562.1	SEQUENCE.TESTING.DISPLAY_SCREEN	LOADING RESOURCE SURFACE FROM DISK
435839.218	SEQUENCE.TESTING.DISPLAY_SCREEN	LOADING RESOURCE SURFACE FROM DISK
444621.252	SEQUENCE.TESTING.DISPLAY_SCREEN	LOADING RESOURCE SURFACE FROM DISK
450637.348	SEQUENCE.TESTING.DISPLAY_SCREEN	LOADING RESOURCE SURFACE FROM DISK
450640.546	SEQUENCE.TESTING.DISPLAY_SCREEN	LOADING RESOURCE SURFACE FROM DISK
480384.274	SEQUENCE.FORCED_CHOICE.DISPLAY_SCREEN	LOADING RESOURCE SURFACE FROM DISK
480406.562	SEQUENCE.FORCED_CHOICE.DISPLAY_SCREEN	LOADING RESOURCE SURFACE FROM DISK
484098.49	SEQUENCE.FORCED_CHOICE.DISPLAY_SCREEN	LOADING RESOURCE SURFACE FROM DISK
486016.565	SEQUENCE.FORCED_CHOICE.DISPLAY_SCREEN	LOADING RESOURCE SURFACE FROM DISK
490852.712	SEQUENCE.FORCED_CHOICE.DISPLAY_SCREEN	LOADING RESOURCE SURFACE FROM DISK
499549.829	SEQUENCE.FORCED_CHOICE.DISPLAY_SCREEN	LOADING RESOURCE SURFACE FROM DISK
548376.414	SEQUENCE.LEARNING.DISPLAY_SCREEN	LOADING RESOURCE SURFACE FROM DISK
555757.616	SEQUENCE.LEARNING.DISPLAY_SCREEN	LOADING RESOURCE SURFACE FROM DISK
564055.67	SEQUENCE.LEARNING.DISPLAY_SCREEN	LOADING RESOURCE SURFACE FROM DISK
570956.369	SEQUENCE.LEARNING.DISPLAY_SCREEN	LOADING RESOURCE SURFACE FROM DISK
638968.539	SEQUENCE.TESTING.DISPLAY_SCREEN	LOADING RESOURCE SURFACE FROM DISK
638984.782	SEQUENCE.TESTING.DISPLAY_SCREEN	LOADING RESOURCE SURFACE FROM DISK
639002.618	SEQUENCE.TESTING.DISPLAY_SCREEN	LOADING RESOURCE SURFACE FROM DISK
639020.062	SEQUENCE.TESTING.DISPLAY_SCREEN	LOADING RESOURCE SURFACE FROM DISK
639026.955	SEQUENCE.TESTING.DISPLAY_SCREEN	LOADING RESOURCE SURFACE FROM DISK
646027.908	SEQUENCE.TESTING.DISPLAY_SCREEN	LOADING RESOURCE SURFACE FROM DISK
649372.767	SEQUENCE.TESTING.DISPLAY_SCREEN	LOADING RESOURCE SURFACE FROM DISK
649377.586	SEQUENCE.TESTING.DISPLAY_SCREEN	LOADING RESOURCE SURFACE FROM DISK
670568.271	SEQUENCE.FORCED_CHOICE.DISPLAY_SCREEN	LOADING RESOURCE SURFACE FROM DISK
670589.352	SEQUENCE.FORCED_CHOICE.DISPLAY_SCREEN	LOADING RESOURCE SURFACE FROM DISK
672919.329	SEQUENCE.FORCED_CHOICE.DISPLAY_SCREEN	LOADING RESOURCE SURFACE FROM DISK
672940.282	SEQUENCE.FORCED_CHOICE.DISPLAY_SCREEN	LOADING RESOURCE SURFACE FROM DISK
674952.191	SEQUENCE.FORCED_CHOICE.DISPLAY_SCREEN	LOADING RESOURCE SURFACE FROM DISK
685434.035	SEQUENCE.FORCED_CHOICE.DISPLAY_SCREEN	LOADING RESOURCE SURFACE FROM DISK
744196.083	SEQUENCE.LEARNING.DISPLAY_SCREEN	LOADING RESOURCE SURFACE FROM DISK
746159.34	SEQUENCE.LEARNING.DISPLAY_SCREEN	LOADING RESOURCE SURFACE FROM DISK
761457.502	SEQUENCE.LEARNING.DISPLAY_SCREEN	LOADING RESOURCE SURFACE FROM DISK
767693.376	SEQUENCE.LEARNING.DISPLAY_SCREEN	LOADING RESOURCE SURFACE FROM DISK
838892.24	SEQUENCE.TESTING.DISPLAY_SCREEN	LOADING RESOURCE SURFACE FROM DISK
838898.459	SEQUENCE.TESTING.DISPLAY_SCREEN	LOADING RESOURCE SURFACE FROM DISK
838907.76	SEQUENCE.TESTING.DISPLAY_SCREEN	LOADING RESOURCE SURFACE FROM DISK
838915.898	SEQUENCE.TESTING.DISPLAY_SCREEN	LOADING RESOURCE SURFACE FROM DISK
838919.667	SEQUENCE.TESTING.DISPLAY_SCREEN	LOADING RESOURCE SURFACE FROM DISK
843588.076	SEQUENCE.TESTING.DISPLAY_SCREEN	LOADING RESOURCE SURFACE FROM DISK
843591.352	SEQUENCE.TESTING.DISPLAY_SCREEN	LOADING RESOURCE SURFACE FROM DISK
847004.375	SEQUENCE.TESTING.DISPLAY_SCREEN	LOADING RESOURCE SURFACE FROM DISK
872975.516	SEQUENCE.FORCED_CHOICE.DISPLAY_SCREEN	LOADING RESOURCE SURFACE FROM DISK
872993.878	SEQUENCE.FORCED_CHOICE.DISPLAY_SCREEN	LOADING RESOURCE SURFACE FROM DISK
875768.257	SEQUENCE.FORCED_CHOICE.DISPLAY_SCREEN	LOADING RESOURCE SURFACE FROM DISK
875792.217	SEQUENCE.FORCED_CHOICE.DISPLAY_SCREEN	LOADING RESOURCE SURFACE FROM DISK
877587.645	SEQUENCE.FORCED_CHOICE.DISPLAY_SCREEN	LOADING RESOURCE SURFACE FROM DISK
889586.057	SEQUENCE.FORCED_CHOICE.DISPLAY_SCREEN	LOADING RESOURCE SURFACE FROM DISK
941363.332	SEQUENCE.LEARNING.DISPLAY_SCREEN	LOADING RESOURCE SURFACE FROM DISK
943425.128	SEQUENCE.LEARNING.DISPLAY_SCREEN	LOADING RESOURCE SURFACE FROM DISK
945461.174	SEQUENCE.LEARNING.DISPLAY_SCREEN	LOADING RESOURCE SURFACE FROM DISK
957026.995	SEQUENCE.LEARNING.DISPLAY_SCREEN	LOADING RESOURCE SURFACE FROM DISK
1026867.674	SEQUENCE.TESTING.DISPLAY_SCREEN	LOADING RESOURCE SURFACE FROM DISK
1026875.681	SEQUENCE.TESTING.DISPLAY_SCREEN	LOADING RESOURCE SURFACE FROM DISK
1026884.342	SEQUENCE.TESTING.DISPLAY_SCREEN	LOADING RESOURCE SURFACE FROM DISK
1026893.463	SEQUENCE.TESTING.DISPLAY_SCREEN	LOADING RESOURCE SURFACE FROM DISK
1030522.534	SEQUENCE.TESTING.DISPLAY_SCREEN	LOADING RESOURCE SURFACE FROM DISK
1033589.17	SEQUENCE.TESTING.DISPLAY_SCREEN	LOADING RESOURCE SURFACE FROM DISK
1033592.545	SEQUENCE.TESTING.DISPLAY_SCREEN	LOADING RESOURCE SURFACE FROM DISK
1048071.08	SEQUENCE.TESTING.DISPLAY_SCREEN	LOADING RESOURCE SURFACE FROM DISK
1059552.062	SEQUENCE.FORCED_CHOICE.DISPLAY_SCREEN	LOADING RESOURCE SURFACE FROM DISK
1059574.426	SEQUENCE.FORCED_CHOICE.DISPLAY_SCREEN	LOADING RESOURCE SURFACE FROM DISK
1062950.722	SEQUENCE.FORCED_CHOICE.DISPLAY_SCREEN	LOADING RESOURCE SURFACE FROM DISK
1062991.166	SEQUENCE.FORCED_CHOICE.DISPLAY_SCREEN	LOADING RESOURCE SURFACE FROM DISK
1065248.241	SEQUENCE.FORCED_CHOICE.DISPLAY_SCREEN	LOADING RESOURCE SURFACE FROM DISK
1067021.043	SEQUENCE.FORCED_CHOICE.DISPLAY_SCREEN	LOADING RESOURCE SURFACE FROM DISK
1130600.643	SEQUENCE.LEARNING.DISPLAY_SCREEN	LOADING RESOURCE SURFACE FROM DISK
1137292.885	SEQUENCE.LEARNING.DISPLAY_SCREEN	LOADING RESOURCE SURFACE FROM DISK
1143359.307	SEQUENCE.LEARNING.DISPLAY_SCREEN	LOADING RESOURCE SURFACE FROM DISK
1149874.176	SEQUENCE.LEARNING.DISPLAY_SCREEN	LOADING RESOURCE SURFACE FROM DISK
1217036.687	SEQUENCE.TESTING.DISPLAY_SCREEN	LOADING RESOURCE SURFACE FROM DISK
1217044.617	SEQUENCE.TESTING.DISPLAY_SCREEN	LOADING RESOURCE SURFACE FROM DISK
1217053.456	SEQUENCE.TESTING.DISPLAY_SCREEN	LOADING RESOURCE SURFACE FROM DISK
1217060.75	SEQUENCE.TESTING.DISPLAY_SCREEN	LOADING RESOURCE SURFACE FROM DISK
1217063.872	SEQUENCE.TESTING.DISPLAY_SCREEN	LOADING RESOURCE SURFACE FROM DISK
1221439.981	SEQUENCE.TESTING.DISPLAY_SCREEN	LOADING RESOURCE SURFACE FROM DISK
1224689.678	SEQUENCE.TESTING.DISPLAY_SCREEN	LOADING RESOURCE SURFACE FROM DISK
1224692.747	SEQUENCE.TESTING.DISPLAY_SCREEN	LOADING RESOURCE SURFACE FROM DISK
1253791.233	SEQUENCE.FORCED_CHOICE.DISPLAY_SCREEN	LOADING RESOURCE SURFACE FROM DISK
1253810.934	SEQUENCE.FORCED_CHOICE.DISPLAY_SCREEN	LOADING RESOURCE SURFACE FROM DISK
1256602.646	SEQUENCE.FORCED_CHOICE.DISPLAY_SCREEN	LOADING RESOURCE SURFACE FROM DISK
1256623.579	SEQUENCE.FORCED_CHOICE.DISPLAY_SCREEN	LOADING RESOURCE SURFACE FROM DISK
1260973.706	SEQUENCE.FORCED_CHOICE.DISPLAY_SCREEN	LOADING RESOURCE SURFACE FROM DISK
1262969.983	SEQUENCE.FORCED_CHOICE.DISPLAY_SCREEN	LOADING RESOURCE SURFACE FROM DISK
