5009.111	SEQUENCE.INTRO	LOADING RESOURCE SURFACE FROM DISK
5075.81	SEQUENCE.INTRO	LOADING RESOURCE SURFACE FROM DISK
33721.453	SEQUENCE.DISPLAY_SCREEN	LOADING RESOURCE SURFACE FROM DISK
69291.291	SEQUENCE.LEARNING.DISPLAY_SCREEN	LOADING RESOURCE SURFACE FROM DISK
80698.594	SEQUENCE.LEARNING.DISPLAY_SCREEN	LOADING RESOURCE SURFACE FROM DISK
96224.838	SEQUENCE.LEARNING.DISPLAY_SCREEN	LOADING RESOURCE SURFACE FROM DISK
232294.797	SEQUENCE.TESTING.DISPLAY_SCREEN	LOADING RESOURCE SURFACE FROM DISK
232302.707	SEQUENCE.TESTING.DISPLAY_SCREEN	LOADING RESOURCE SURFACE FROM DISK
232310.64	SEQUENCE.TESTING.DISPLAY_SCREEN	LOADING RESOURCE SURFACE FROM DISK
232313.915	SEQUENCE.TESTING.DISPLAY_SCREEN	LOADING RESOURCE SURFACE FROM DISK
232317.157	SEQUENCE.TESTING.DISPLAY_SCREEN	LOADING RESOURCE SURFACE FROM DISK
273817.543	SEQUENCE.TESTING.DISPLAY_SCREEN	LOADING RESOURCE SURFACE FROM DISK
282044.18	SEQUENCE.TESTING.DISPLAY_SCREEN	LOADING RESOURCE SURFACE FROM DISK
282047.479	SEQUENCE.TESTING.DISPLAY_SCREEN	LOADING RESOURCE SURFACE FROM DISK
380419.333	SEQUENCE.FORCED_CHOICE.DISPLAY_SCREEN	LOADING RESOURCE SURFACE FROM DISK
380442.459	SEQUENCE.FORCED_CHOICE.DISPLAY_SCREEN	LOADING RESOURCE SURFACE FROM DISK
385622.326	SEQUENCE.FORCED_CHOICE.DISPLAY_SCREEN	LOADING RESOURCE SURFACE FROM DISK
388617.81	SEQUENCE.FORCED_CHOICE.DISPLAY_SCREEN	LOADING RESOURCE SURFACE FROM DISK
397317.901	SEQUENCE.FORCED_CHOICE.DISPLAY_SCREEN	LOADING RESOURCE SURFACE FROM DISK
406502.982	SEQUENCE.FORCED_CHOICE.DISPLAY_SCREEN	LOADING RESOURCE SURFACE FROM DISK
493500.491	SEQUENCE.LEARNING.DISPLAY_SCREEN	LOADING RESOURCE SURFACE FROM DISK
502428.161	SEQUENCE.LEARNING.DISPLAY_SCREEN	LOADING RESOURCE SURFACE FROM DISK
514103.635	SEQUENCE.LEARNING.DISPLAY_SCREEN	LOADING RESOURCE SURFACE FROM DISK
521456.438	SEQUENCE.LEARNING.DISPLAY_SCREEN	LOADING RESOURCE SURFACE FROM DISK
604316.619	SEQUENCE.TESTING.DISPLAY_SCREEN	LOADING RESOURCE SURFACE FROM DISK
604325.01	SEQUENCE.TESTING.DISPLAY_SCREEN	LOADING RESOURCE SURFACE FROM DISK
604332.734	SEQUENCE.TESTING.DISPLAY_SCREEN	LOADING RESOURCE SURFACE FROM DISK
604340.851	SEQUENCE.TESTING.DISPLAY_SCREEN	LOADING RESOURCE SURFACE FROM DISK
604344.1	SEQUENCE.TESTING.DISPLAY_SCREEN	LOADING RESOURCE SURFACE FROM DISK
615047.029	SEQUENCE.TESTING.DISPLAY_SCREEN	LOADING RESOURCE SURFACE FROM DISK
629298.355	SEQUENCE.TESTING.DISPLAY_SCREEN	LOADING RESOURCE SURFACE FROM DISK
650288.932	SEQUENCE.FORCED_CHOICE.DISPLAY_SCREEN	LOADING RESOURCE SURFACE FROM DISK
650309.19	SEQUENCE.FORCED_CHOICE.DISPLAY_SCREEN	LOADING RESOURCE SURFACE FROM DISK
654942.921	SEQUENCE.FORCED_CHOICE.DISPLAY_SCREEN	LOADING RESOURCE SURFACE FROM DISK
663543.899	SEQUENCE.FORCED_CHOICE.DISPLAY_SCREEN	LOADING RESOURCE SURFACE FROM DISK
667925.125	SEQUENCE.FORCED_CHOICE.DISPLAY_SCREEN	LOADING RESOURCE SURFACE FROM DISK
671956.743	SEQUENCE.FORCED_CHOICE.DISPLAY_SCREEN	LOADING RESOURCE SURFACE FROM DISK
742377.763	SEQUENCE.LEARNING.DISPLAY_SCREEN	LOADING RESOURCE SURFACE FROM DISK
749213.071	SEQUENCE.LEARNING.DISPLAY_SCREEN	LOADING RESOURCE SURFACE FROM DISK
779343.093	SEQUENCE.LEARNING.DISPLAY_SCREEN	LOADING RESOURCE SURFACE FROM DISK
789560.293	SEQUENCE.LEARNING.DISPLAY_SCREEN	LOADING RESOURCE SURFACE FROM DISK
850082.385	SEQUENCE.TESTING.DISPLAY_SCREEN	LOADING RESOURCE SURFACE FROM DISK
850090.503	SEQUENCE.TESTING.DISPLAY_SCREEN	LOADING RESOURCE SURFACE FROM DISK
850098.835	SEQUENCE.TESTING.DISPLAY_SCREEN	LOADING RESOURCE SURFACE FROM DISK
850106.824	SEQUENCE.TESTING.DISPLAY_SCREEN	LOADING RESOURCE SURFACE FROM DISK
850110.015	SEQUENCE.TESTING.DISPLAY_SCREEN	LOADING RESOURCE SURFACE FROM DISK
856658.321	SEQUENCE.TESTING.DISPLAY_SCREEN	LOADING RESOURCE SURFACE FROM DISK
860607.989	SEQUENCE.TESTING.DISPLAY_SCREEN	LOADING RESOURCE SURFACE FROM DISK
872206.763	SEQUENCE.TESTING.DISPLAY_SCREEN	LOADING RESOURCE SURFACE FROM DISK
891519.036	SEQUENCE.FORCED_CHOICE.DISPLAY_SCREEN	LOADING RESOURCE SURFACE FROM DISK
891538.247	SEQUENCE.FORCED_CHOICE.DISPLAY_SCREEN	LOADING RESOURCE SURFACE FROM DISK
894786.585	SEQUENCE.FORCED_CHOICE.DISPLAY_SCREEN	LOADING RESOURCE SURFACE FROM DISK
894805.535	SEQUENCE.FORCED_CHOICE.DISPLAY_SCREEN	LOADING RESOURCE SURFACE FROM DISK
897340.741	SEQUENCE.FORCED_CHOICE.DISPLAY_SCREEN	LOADING RESOURCE SURFACE FROM DISK
897361.47	SEQUENCE.FORCED_CHOICE.DISPLAY_SCREEN	LOADING RESOURCE SURFACE FROM DISK
987422.473	SEQUENCE.LEARNING.DISPLAY_SCREEN	LOADING RESOURCE SURFACE FROM DISK
996126.883	SEQUENCE.LEARNING.DISPLAY_SCREEN	LOADING RESOURCE SURFACE FROM DISK
1017158.464	SEQUENCE.LEARNING.DISPLAY_SCREEN	LOADING RESOURCE SURFACE FROM DISK
1021705.905	SEQUENCE.LEARNING.DISPLAY_SCREEN	LOADING RESOURCE SURFACE FROM DISK
1082849.932	SEQUENCE.TESTING.DISPLAY_SCREEN	LOADING RESOURCE SURFACE FROM DISK
1082856.39	SEQUENCE.TESTING.DISPLAY_SCREEN	LOADING RESOURCE SURFACE FROM DISK
1082864.967	SEQUENCE.TESTING.DISPLAY_SCREEN	LOADING RESOURCE SURFACE FROM DISK
1082873.313	SEQUENCE.TESTING.DISPLAY_SCREEN	LOADING RESOURCE SURFACE FROM DISK
1082876.477	SEQUENCE.TESTING.DISPLAY_SCREEN	LOADING RESOURCE SURFACE FROM DISK
1087470.062	SEQUENCE.TESTING.DISPLAY_SCREEN	LOADING RESOURCE SURFACE FROM DISK
1093736.349	SEQUENCE.TESTING.DISPLAY_SCREEN	LOADING RESOURCE SURFACE FROM DISK
1093739.606	SEQUENCE.TESTING.DISPLAY_SCREEN	LOADING RESOURCE SURFACE FROM DISK
1118613.694	SEQUENCE.FORCED_CHOICE.DISPLAY_SCREEN	LOADING RESOURCE SURFACE FROM DISK
1118630.427	SEQUENCE.FORCED_CHOICE.DISPLAY_SCREEN	LOADING RESOURCE SURFACE FROM DISK
1122382.846	SEQUENCE.FORCED_CHOICE.DISPLAY_SCREEN	LOADING RESOURCE SURFACE FROM DISK
1124584.378	SEQUENCE.FORCED_CHOICE.DISPLAY_SCREEN	LOADING RESOURCE SURFACE FROM DISK
1126936.115	SEQUENCE.FORCED_CHOICE.DISPLAY_SCREEN	LOADING RESOURCE SURFACE FROM DISK
1134149.124	SEQUENCE.FORCED_CHOICE.DISPLAY_SCREEN	LOADING RESOURCE SURFACE FROM DISK
1211879.451	SEQUENCE.LEARNING.DISPLAY_SCREEN	LOADING RESOURCE SURFACE FROM DISK
1226022.834	SEQUENCE.LEARNING.DISPLAY_SCREEN	LOADING RESOURCE SURFACE FROM DISK
1233201.424	SEQUENCE.LEARNING.DISPLAY_SCREEN	LOADING RESOURCE SURFACE FROM DISK
1243634.221	SEQUENCE.LEARNING.DISPLAY_SCREEN	LOADING RESOURCE SURFACE FROM DISK
1301866.419	SEQUENCE.TESTING.DISPLAY_SCREEN	LOADING RESOURCE SURFACE FROM DISK
1301889.431	SEQUENCE.TESTING.DISPLAY_SCREEN	LOADING RESOURCE SURFACE FROM DISK
1301915.837	SEQUENCE.TESTING.DISPLAY_SCREEN	LOADING RESOURCE SURFACE FROM DISK
1301941.016	SEQUENCE.TESTING.DISPLAY_SCREEN	LOADING RESOURCE SURFACE FROM DISK
1307166.68	SEQUENCE.TESTING.DISPLAY_SCREEN	LOADING RESOURCE SURFACE FROM DISK
1307169.954	SEQUENCE.TESTING.DISPLAY_SCREEN	LOADING RESOURCE SURFACE FROM DISK
1316149.402	SEQUENCE.TESTING.DISPLAY_SCREEN	LOADING RESOURCE SURFACE FROM DISK
1316152.732	SEQUENCE.TESTING.DISPLAY_SCREEN	LOADING RESOURCE SURFACE FROM DISK
1339675.833	SEQUENCE.FORCED_CHOICE.DISPLAY_SCREEN	LOADING RESOURCE SURFACE FROM DISK
1339694.539	SEQUENCE.FORCED_CHOICE.DISPLAY_SCREEN	LOADING RESOURCE SURFACE FROM DISK
1345364.414	SEQUENCE.FORCED_CHOICE.DISPLAY_SCREEN	LOADING RESOURCE SURFACE FROM DISK
1348914.273	SEQUENCE.FORCED_CHOICE.DISPLAY_SCREEN	LOADING RESOURCE SURFACE FROM DISK
1351480.124	SEQUENCE.FORCED_CHOICE.DISPLAY_SCREEN	LOADING RESOURCE SURFACE FROM DISK
1356611.097	SEQUENCE.FORCED_CHOICE.DISPLAY_SCREEN	LOADING RESOURCE SURFACE FROM DISK
1440912.106	SEQUENCE.LEARNING.DISPLAY_SCREEN	LOADING RESOURCE SURFACE FROM DISK
1448831.403	SEQUENCE.LEARNING.DISPLAY_SCREEN	LOADING RESOURCE SURFACE FROM DISK
1451666.814	SEQUENCE.LEARNING.DISPLAY_SCREEN	LOADING RESOURCE SURFACE FROM DISK
1460865.049	SEQUENCE.LEARNING.DISPLAY_SCREEN	LOADING RESOURCE SURFACE FROM DISK
1530476.202	SEQUENCE.TESTING.DISPLAY_SCREEN	LOADING RESOURCE SURFACE FROM DISK
1530496.601	SEQUENCE.TESTING.DISPLAY_SCREEN	LOADING RESOURCE SURFACE FROM DISK
1530519.134	SEQUENCE.TESTING.DISPLAY_SCREEN	LOADING RESOURCE SURFACE FROM DISK
1530543.343	SEQUENCE.TESTING.DISPLAY_SCREEN	LOADING RESOURCE SURFACE FROM DISK
1534816.539	SEQUENCE.TESTING.DISPLAY_SCREEN	LOADING RESOURCE SURFACE FROM DISK
1539195.369	SEQUENCE.TESTING.DISPLAY_SCREEN	LOADING RESOURCE SURFACE FROM DISK
1559160.166	SEQUENCE.TESTING.DISPLAY_SCREEN	LOADING RESOURCE SURFACE FROM DISK
1565742.925	SEQUENCE.TESTING.DISPLAY_SCREEN	LOADING RESOURCE SURFACE FROM DISK
1575717.124	SEQUENCE.FORCED_CHOICE.DISPLAY_SCREEN	LOADING RESOURCE SURFACE FROM DISK
1575738.154	SEQUENCE.FORCED_CHOICE.DISPLAY_SCREEN	LOADING RESOURCE SURFACE FROM DISK
1580157.735	SEQUENCE.FORCED_CHOICE.DISPLAY_SCREEN	LOADING RESOURCE SURFACE FROM DISK
1586942.447	SEQUENCE.FORCED_CHOICE.DISPLAY_SCREEN	LOADING RESOURCE SURFACE FROM DISK
1594003.744	SEQUENCE.FORCED_CHOICE.DISPLAY_SCREEN	LOADING RESOURCE SURFACE FROM DISK
1596254.883	SEQUENCE.FORCED_CHOICE.DISPLAY_SCREEN	LOADING RESOURCE SURFACE FROM DISK
